<?xml version="1.0" encoding="UTF-8"?>
<testsuite xmlns:xsi="http://www.w3.org/2001/XMLSchema-instance" xsi:noNamespaceSchemaLocation="https://maven.apache.org/surefire/maven-surefire-plugin/xsd/surefire-test-report.xsd" version="3.0.2" name="xyz.game.datamanage.integration.ControllerPublishFlowIT" time="0.002" tests="3" errors="0" skipped="3" failures="0">
  <properties/>
  <testcase name="controllerOnly_fullPublishFlow_shouldSucceed" classname="xyz.game.datamanage.integration.ControllerPublishFlowIT" time="0.0">
    <skipped message="Environment variable [IT_DB_URL] does not exist"/>
  </testcase>
  <testcase name="prePublishChanges_shouldNotAffectCurrentAndCachedBundle_untilPublish" classname="xyz.game.datamanage.integration.ControllerPublishFlowIT" time="0.0">
    <skipped message="Environment variable [IT_DB_URL] does not exist"/>
  </testcase>
  <testcase name="bundle_ifNoneMatch_shouldReturn304" classname="xyz.game.datamanage.integration.ControllerPublishFlowIT" time="0.0">
    <skipped message="Environment variable [IT_DB_URL] does not exist"/>
  </testcase>
</testsuite>